Arguments: 
  C:\Program Files\nodejs\node.exe C:\Program Files (x86)\Yarn\bin\yarn.js add @react-navigation/native

PATH: 
  C:\ProgramData\Anaconda;C:\ProgramData\Anaconda\Library\mingw-w64\bin;C:\ProgramData\Anaconda\Library\usr\bin;C:\ProgramData\Anaconda\Library\bin;C:\ProgramData\Anaconda\Scripts;C:\Python39\Scripts\;C:\Python39\;C:\Users\Administrator\AppData\Roaming\npm;C:\ProgramData\chocolatey\bin;C:\Program Files (x86)\Yarn\bin\;C:\Program Files\Git\cmd;C:\Program Files\OpenJDK\openjdk-8u275-b01\bin;C:\Program Files\nodejs\;C:\Users\Administrator\AppData\Local\Programs\Python\Python38-32\Scripts\;C:\Users\Administrator\AppData\Local\Programs\Python\Python38-32\;C:\Users\Administrator\AppData\Local\Yarn\bin;E:\src\flutter\bin;C:\Windows\System32;C:\Windows\System32\WindowsPowerShell\v1.0;C:\Users\Administrator\AppData\Local\Programs\Microsoft VS Code\bin;C:\Users\Administrator\AppData\Roaming\npm

Yarn version: 
  1.22.5

Node version: 
  14.15.1

Platform: 
  win32 x64

Trace: 
  Error: EIO: i/o error, copyfile 'C:\Users\Administrator\AppData\Local\Yarn\Cache\v6\npm-fbjs-1.0.0-52c215e0883a3c86af2a7a776ed51525ae8e0a5a-integrity\node_modules\fbjs\lib\focusNode.js.flow' -> 'E:\Devstuff\LwdrApp\luwdr\node_modules\fbjs\lib\focusNode.js.flow'

npm manifest: 
  {
    "main": "node_modules/expo/AppEntry.js",
    "scripts": {
      "start": "expo start",
      "android": "expo start --android",
      "ios": "expo start --ios",
      "web": "expo start --web",
      "eject": "expo eject"
    },
    "dependencies": {
      "expo": "~40.0.0",
      "expo-status-bar": "~1.0.3",
      "react": "16.13.1",
      "react-dom": "16.13.1",
      "react-native": "https://github.com/expo/react-native/archive/sdk-40.0.1.tar.gz",
      "react-native-web": "~0.13.12",
      "expo-constants": "~9.3.3"
    },
    "devDependencies": {
      "@babel/core": "~7.9.0"
    },
    "private": true
  }

yarn manifest: 
  No manifest

Lockfile: 
  No lockfile
